[debug] [2026-03-20T19:53:19.868Z] ----------------------------------------------------------------------
[debug] [2026-03-20T19:53:19.870Z] Command:       /Users/glennbundy/.nvm/versions/node/v24.12.0/bin/node /Users/glennbundy/.nvm/versions/node/v24.12.0/bin/firebase deploy --only hosting
[debug] [2026-03-20T19:53:19.870Z] CLI Version:   15.11.0
[debug] [2026-03-20T19:53:19.870Z] Platform:      darwin
[debug] [2026-03-20T19:53:19.870Z] Node Version:  v24.12.0
[debug] [2026-03-20T19:53:19.870Z] Time:          Fri Mar 20 2026 20:53:19 GMT+0100 (Central European Standard Time)
[debug] [2026-03-20T19:53:19.870Z] ----------------------------------------------------------------------
[debug] 
[debug] [2026-03-20T19:53:20.469Z] > command requires scopes: ["email","openid","https://www.googleapis.com/auth/cloudplatformprojects.readonly","https://www.googleapis.com/auth/firebase","https://www.googleapis.com/auth/cloud-platform"]
[debug] [2026-03-20T19:53:20.470Z] > authorizing via signed-in user (bundyglenn@gmail.com)
[debug] [2026-03-20T19:53:20.470Z] [iam] checking project talentvault-446214 for permissions ["firebase.projects.get","firebasehosting.sites.update"]
[debug] [2026-03-20T19:53:20.470Z] Checked if tokens are valid: true, expires at: 1774037886073
[debug] [2026-03-20T19:53:20.470Z] Checked if tokens are valid: true, expires at: 1774037886073
[debug] [2026-03-20T19:53:20.470Z] >>> [apiv2][query] POST https://cloudresourcemanager.googleapis.com/v1/projects/talentvault-446214:testIamPermissions [none]
[debug] [2026-03-20T19:53:20.470Z] >>> [apiv2][(partial)header] POST https://cloudresourcemanager.googleapis.com/v1/projects/talentvault-446214:testIamPermissions  x-goog-user-project=talentvault-446214
[debug] [2026-03-20T19:53:20.470Z] >>> [apiv2][body] POST https://cloudresourcemanager.googleapis.com/v1/projects/talentvault-446214:testIamPermissions {"permissions":["firebase.projects.get","firebasehosting.sites.update"]}
[debug] [2026-03-20T19:53:21.473Z] <<< [apiv2][status] POST https://cloudresourcemanager.googleapis.com/v1/projects/talentvault-446214:testIamPermissions 200
[debug] [2026-03-20T19:53:21.473Z] <<< [apiv2][body] POST https://cloudresourcemanager.googleapis.com/v1/projects/talentvault-446214:testIamPermissions {"permissions":["firebase.projects.get","firebasehosting.sites.update"]}
[debug] [2026-03-20T19:53:21.474Z] Checked if tokens are valid: true, expires at: 1774037886073
[debug] [2026-03-20T19:53:21.474Z] Checked if tokens are valid: true, expires at: 1774037886073
[debug] [2026-03-20T19:53:21.474Z] >>> [apiv2][query] GET https://firebase.googleapis.com/v1beta1/projects/talentvault-446214 [none]
[debug] [2026-03-20T19:53:21.933Z] <<< [apiv2][status] GET https://firebase.googleapis.com/v1beta1/projects/talentvault-446214 200
[debug] [2026-03-20T19:53:21.933Z] <<< [apiv2][body] GET https://firebase.googleapis.com/v1beta1/projects/talentvault-446214 {"projectId":"talentvault-446214","projectNumber":"405116036726","displayName":"TalentVault","name":"projects/talentvault-446214","resources":{"hostingSite":"talentvault-446214"},"state":"ACTIVE","etag":"1_6fb43c7a-e783-48f0-9890-cd1aaaf4f01b"}
[info] 
[info] === Deploying to 'talentvault-446214'...
[info] 
[info] i  deploying hosting 
[debug] [2026-03-20T19:53:21.937Z] Checked if tokens are valid: true, expires at: 1774037886073
[debug] [2026-03-20T19:53:21.937Z] Checked if tokens are valid: true, expires at: 1774037886073
[debug] [2026-03-20T19:53:21.937Z] >>> [apiv2][query] POST https://firebasehosting.googleapis.com/v1beta1/projects/-/sites/talentvault-446214/versions [none]
[debug] [2026-03-20T19:53:21.937Z] >>> [apiv2][body] POST https://firebasehosting.googleapis.com/v1beta1/projects/-/sites/talentvault-446214/versions {"status":"CREATED","labels":{"deployment-tool":"cli-firebase"}}
[debug] [2026-03-20T19:53:23.673Z] <<< [apiv2][status] POST https://firebasehosting.googleapis.com/v1beta1/projects/-/sites/talentvault-446214/versions 200
[debug] [2026-03-20T19:53:23.673Z] <<< [apiv2][body] POST https://firebasehosting.googleapis.com/v1beta1/projects/-/sites/talentvault-446214/versions {"name":"projects/405116036726/sites/talentvault-446214/versions/23e480c62c34b748","status":"CREATED","config":{},"labels":{"deployment-tool":"cli-firebase"}}
[info] i  hosting[talentvault-446214]: beginning deploy... 
[info] i  hosting[talentvault-446214]: found 30 files in client/dist 
[debug] [2026-03-20T19:53:23.682Z] [hosting] uploading with 200 concurrency
[debug] [2026-03-20T19:53:23.704Z] Checked if tokens are valid: true, expires at: 1774037886073
[debug] [2026-03-20T19:53:23.704Z] Checked if tokens are valid: true, expires at: 1774037886073
[debug] [2026-03-20T19:53:23.704Z] [hosting] hash cache [Y2xpZW50L2Rpc3Q] stored for 30 files
[debug] [2026-03-20T19:53:23.704Z] [hosting][hash queue][FINAL] {"max":18,"min":5,"avg":6.2,"active":0,"complete":30,"success":30,"errored":0,"retried":0,"total":30,"elapsed":21}
[debug] [2026-03-20T19:53:23.704Z] >>> [apiv2][query] POST https://firebasehosting.googleapis.com/v1beta1/projects/405116036726/sites/talentvault-446214/versions/23e480c62c34b748:populateFiles [none]
[debug] [2026-03-20T19:53:23.704Z] >>> [apiv2][body] POST https://firebasehosting.googleapis.com/v1beta1/projects/405116036726/sites/talentvault-446214/versions/23e480c62c34b748:populateFiles {"files":{"/sitemap.xml":"143bf83f3f8d738ddd3af9a469c7cb3ff77c1ee74ec405d7a07e699932b84c49","/registerSW.js":"5b6445b5215737c53ef0d379c151d57de165a056de2d1c5812ed614f158ebcbd","/vite.svg":"31a4a1278324a34ef86097547704c4af75e06b226b7f3d906f54e0273e4ba4aa","/assets/supabase-l0sNRNKZ.js":"cfd889f20f894f14a8cb22e241c69f1493b1f7422eef5d527fce6974d3eb068d","/sw.js":"6905778659f5d99fe27eff69400a742e0bb83b5b873cf0b8de3aef470f03460a","/workbox-0b0dccde.js":"52bc576a2b07b7a2067d4d3b752796b0719ddef89b5ef2ef78cef2caf6e6b347","/index.html":"fa040be607a8e1e87f055ca269dbe63cb778dd80997475b1dfa0b50f8a46503f","/assets/Settings-De8w_JN6.js":"faf00ef126ee65c5304fa5cde5bd87681be413960fb2d3fc9eaa20f518182889","/assets/lucide-react-B-j0vEXK.js":"9bbb5a22a05117917b88a4cb830308fe980e6ef61f66d891b92b7d484ce533b3","/assets/Profile-ChW7jM22.js":"821a6a46eb911b78796744ee985b20103ab0462276eecf34cbbbc0770bf24e1f","/assets/Pricing-BrGe18I5.js":"33ca835e380a4874a5a1f82d6f043f4cf9ec9d5bb34fedb6549a105847ec9635","/assets/Notifications-D6Nq0601.js":"8f111385919758f9eec2b3ef14da9075c39216e1651f1e9609b7fea361a7f3e1","/assets/NotFound-Es2usa3e.js":"666bb6f1925cb95e8f4811ff53ac1af8a18219b200f9a38d27feab213d37f608","/assets/Users-BLB7aw0M.js":"c74efd9ebb6eecc6ef06c33c320fd8779e89553b18c16ea4acc9254532a09fe6","/assets/NeuralDashboard-Dem77264.js":"b5b6eb1ec1db06fc653ee9be06a536fa59786465a1126db581baa96ca4114454","/assets/History-7FrbI09W.js":"fb5a305c8d32e4feea007e54f206a6b18724ed4f06c75a24761a77ab9c89fbfb","/assets/DesignSystem-DN5FUKQU.js":"be7c1a82b71e6226e861ca15f2da36841d06e3369f5563a1738acc4525b3abd3","/assets/Insights-C9AF9nxJ.js":"20617fdfc0aa6ef10d8492e629ec73ccc2053090eff933bdc0324160d1d6230c","/assets/ComplianceCenter-DrwAo8cI.js":"d0c34a6360224bab96f5f8e05abaa1a0aabeccec00a858379e7ded4f68b7f295","/assets/Jobs-CfHxha2C.js":"6a640164d891507c44f023a2e41b0eb497dbe58bb6115c33dcf8f59e0a16e669","/assets/CookieConsent-DumwNV3m.js":"08606754a11e3cd6acc320fda9401709f899a9a3aafdb7586a03772f9c3e4b53","/logo.svg":"31a4a1278324a34ef86097547704c4af75e06b226b7f3d906f54e0273e4ba4aa","/assets/Applicants-DSMfrgVE.js":"81af8af2aa2b193ac1d0460e72393325687bdf8278c07139c30291efec257ed2","/manifest.webmanifest":"63d632ea51422f733644b008599790ba93775b99eda60caead7df9a7a37c1720","/.vite/manifest.json":"abcb118e143d39f676ae8f1facea96562cd0cee3174a759bb50bafe3c73c7731","/robots.txt":"8c25df1d929b70c3d80a17a30c8e5169b871e6cb2a85c665cbf88bddafdf965f","/assets/react-router-CLnkN5Me.js":"92147c9b00d4486e2efddc8c6163086cbb7e413ebf377b2883cba2586fdad908","/assets/index-7v3ilNjm.css":"94e056132aa684d9a0b0f039563dae27e6a5e69d90f4b810ec306e90f8c330fe","/assets/Audit-CYGdU2Y3.js":"59625765251b3dd69d54c1731096ccb6f3f3c1d60a0238e673994fe08158546f","/assets/index-CkZhHjSU.js":"70cf525d14c0a65118fa5073bd3b5ff962f8ef34412a9ba6109924b506013b77"}}
[debug] [2026-03-20T19:53:24.527Z] <<< [apiv2][status] POST https://firebasehosting.googleapis.com/v1beta1/projects/405116036726/sites/talentvault-446214/versions/23e480c62c34b748:populateFiles 200
[debug] [2026-03-20T19:53:24.527Z] <<< [apiv2][body] POST https://firebasehosting.googleapis.com/v1beta1/projects/405116036726/sites/talentvault-446214/versions/23e480c62c34b748:populateFiles {"uploadUrl":"https://upload-firebasehosting.googleapis.com/upload/sites/talentvault-446214/versions/23e480c62c34b748/files"}
[debug] [2026-03-20T19:53:24.527Z] [hosting][populate queue][FINAL] {"max":824,"min":824,"avg":824,"active":0,"complete":1,"success":1,"errored":0,"retried":0,"total":1,"elapsed":824}
[debug] [2026-03-20T19:53:24.527Z] [hosting] uploads queued: 0
[debug] [2026-03-20T19:53:24.527Z] [hosting][upload queue][FINAL] {"max":0,"min":9999999999,"avg":0,"active":0,"complete":0,"success":0,"errored":0,"retried":0,"total":0,"elapsed":1774036404527}
[info] ✔  hosting[talentvault-446214]: file upload complete 
[debug] [2026-03-20T19:53:24.528Z] [hosting] deploy completed after 853ms
[debug] [2026-03-20T19:53:24.528Z] [
  {
    "config": {
      "public": "client/dist",
      "ignore": [
        "firebase.json",
        "**/.*",
        "**/node_modules/**"
      ],
      "headers": [
        {
          "source": "**",
          "headers": [
            {
              "key": "Cross-Origin-Opener-Policy",
              "value": "same-origin-allow-popups"
            }
          ]
        }
      ],
      "rewrites": [
        {
          "source": "**",
          "destination": "/index.html"
        }
      ],
      "site": "talentvault-446214"
    },
    "version": "projects/405116036726/sites/talentvault-446214/versions/23e480c62c34b748"
  }
]
[info] i  hosting[talentvault-446214]: finalizing version... 
[debug] [2026-03-20T19:53:24.529Z] Checked if tokens are valid: true, expires at: 1774037886073
[debug] [2026-03-20T19:53:24.529Z] Checked if tokens are valid: true, expires at: 1774037886073
[debug] [2026-03-20T19:53:24.529Z] >>> [apiv2][query] PATCH https://firebasehosting.googleapis.com/v1beta1/projects/-/sites/talentvault-446214/versions/23e480c62c34b748 updateMask=status%2Cconfig
[debug] [2026-03-20T19:53:24.529Z] >>> [apiv2][body] PATCH https://firebasehosting.googleapis.com/v1beta1/projects/-/sites/talentvault-446214/versions/23e480c62c34b748 {"status":"FINALIZED","config":{"rewrites":[{"glob":"**","path":"/index.html"}],"headers":[{"glob":"**","headers":{"Cross-Origin-Opener-Policy":"same-origin-allow-popups"}}]}}
