
> project-aura@2.2.4 start:aura
> npm start --prefix server & npm run dev --prefix client


> client@0.0.0 dev
> vite


> server@1.0.0 start
> tsx src/index.ts


  VITE v7.3.1  ready in 223 ms

  ➜  Local:   http://localhost:5173/
  ➜  Network: use --host to expose
  ➜  press h + enter to show help
/Users/glennbundy/Desktop/untitled folder/project-aura/server/node_modules/@prisma/client/src/runtime/getPrismaClient.ts:320
        throw new PrismaClientInitializationError(
              ^

PrismaClientInitializationError: `PrismaClient` needs to be constructed with a non-empty, valid `PrismaClientOptions`:

```
new PrismaClient({
  ...
})
```

or

```
constructor() {
  super({ ... });
}
```
          
    at new t (/Users/glennbundy/Desktop/untitled folder/project-aura/server/node_modules/@prisma/client/src/runtime/getPrismaClient.ts:320:15)
    at <anonymous> (/Users/glennbundy/Desktop/untitled folder/project-aura/server/src/core/database.ts:4:16)
    at ModuleJob.run (node:internal/modules/esm/module_job:413:25)
    at async onImport.tracePromise.__proto__ (node:internal/modules/esm/loader:660:26)
    at async asyncRunEntryPointWithESMLoader (node:internal/modules/run_main:101:5) {
  clientVersion: '7.5.0',
  errorCode: undefined,
  retryable: undefined
}

Node.js v24.12.0
